<?xml version="1.0" encoding="UTF-8"?>
<!-- Generated by org.testng.reporters.JUnitReportReporter -->
<testsuite hostname="DeshmukhD1" failures="0" tests="1" name="tests.KaDashboardTest" time="10.546" errors="0" timestamp="2022-11-11T00:57:06 EST" skipped="0">
  <testcase classname="tests.KaDashboardTest" name="clickCoursesCheckVisibility" time="10.546"/>
  <system-out/>
</testsuite> <!-- tests.KaDashboardTest -->
