<?xml version="1.0" encoding="UTF-8"?>
<!-- Generated by org.testng.reporters.JUnitReportReporter -->
<testsuite hostname="DeshmukhD1" failures="0" tests="1" name="tests.KaLoginPageTest" time="18.400" errors="0" timestamp="2022-11-10T19:53:30 EST" skipped="0">
  <testcase classname="tests.KaLoginPageTest" name="khanLoginTest" time="18.400"/>
  <system-out/>
</testsuite> <!-- tests.KaLoginPageTest -->
